<?xml version="1.0" encoding="UTF-8"?>
<!-- Generated by org.testng.reporters.JUnitReportReporter -->
<testsuite hostname="DESKTOP-P1L3V8E" failures="0" tests="1" name="com.automatizacion.test.AutenticacionTest$LoginTest" time="7.548" errors="0" timestamp="2021-09-07T17:05:09 COT" skipped="0">
  <testcase classname="com.automatizacion.test.AutenticacionTest$LoginTest" name="LoginPage" time="7.548"/>
  <system-out/>
</testsuite> <!-- com.automatizacion.test.AutenticacionTest$LoginTest -->
