<?xml version="1.0" encoding="UTF-8"?>
<!-- Generated by org.testng.reporters.JUnitReportReporter -->
<testsuite hostname="DESKTOP-P1L3V8E" failures="0" tests="1" name="com.automatizacion.test.A単adirAlCarritoTest" time="25.813" errors="0" timestamp="2021-09-07T11:46:37 COT" skipped="0">
  <testcase classname="com.automatizacion.test.A単adirAlCarritoTest" name="validateA単adiraLaPaginaDelCarrito" time="25.813"/>
  <system-out/>
</testsuite> <!-- com.automatizacion.test.A単adirAlCarritoTest -->
