<?xml version="1.0" encoding="UTF-8"?>
<!-- Generated by org.testng.reporters.JUnitReportReporter -->
<testsuite hostname="DESKTOP-P1L3V8E" failures="0" tests="1" name="com.automatizacion.test.LoginTest" time="13.261" errors="0" timestamp="2021-09-07T11:41:54 COT" skipped="0">
  <testcase classname="com.automatizacion.test.LoginTest" name="LoginPage" time="13.261"/>
  <system-out/>
</testsuite> <!-- com.automatizacion.test.LoginTest -->
