<?xml version="1.0" encoding="UTF-8"?>
<!-- Generated by org.testng.reporters.JUnitReportReporter -->
<testsuite hostname="DESKTOP-P1L3V8E" failures="0" tests="1" name="com.automatizacion.test.LoginPage" time="0.008" errors="0" timestamp="2021-09-07T09:42:17 COT" skipped="0">
  <testcase classname="com.automatizacion.test.LoginPage" name="LoginPage" time="0.008"/>
  <system-out/>
</testsuite> <!-- com.automatizacion.test.LoginPage -->
